<?xml version="1.0" encoding="UTF-8"?>
<!-- Generated by org.testng.reporters.JUnitReportReporter -->
<testsuite skipped="0" hostname="LAPTOP-KRM7DIQ6" name="Testng.test2" tests="1" failures="0" timestamp="2022-05-10T00:02:54 IST" time="2.000" errors="0">
  <testcase name="display" time="2.000" classname="Testng.test2"/>
  <system-out/>
</testsuite> <!-- Testng.test2 -->
