<?xml version="1.0" encoding="UTF-8"?>
<!-- Generated by org.testng.reporters.JUnitReportReporter -->
<testsuite skipped="0" hostname="LAPTOP-KRM7DIQ6" name="Testng.test3" tests="1" failures="0" timestamp="2022-05-10T00:04:36 IST" time="0.000" errors="0">
  <testcase name="display" time="0.000" classname="Testng.test3"/>
  <system-out/>
</testsuite> <!-- Testng.test3 -->
