<?xml version="1.0" encoding="UTF-8"?>
<!-- Generated by org.testng.reporters.JUnitReportReporter -->
<testsuite skipped="0" hostname="LAPTOP-KRM7DIQ6" name="Testng.test4" tests="2" failures="0" timestamp="2022-05-10T00:10:18 IST" time="0.016" errors="0">
  <testcase name="display2" time="0.000" classname="Testng.test4"/>
  <system-out/>
  <testcase name="display1" time="0.016" classname="Testng.test4"/>
  <system-out/>
</testsuite> <!-- Testng.test4 -->
