<?xml version="1.0" encoding="UTF-8"?>
<!-- Generated by org.testng.reporters.JUnitReportReporter -->
<testsuite skipped="0" hostname="LAPTOP-KRM7DIQ6" name="Assigment.Flipkart" tests="1" failures="0" timestamp="2022-04-27T09:07:03 IST" time="5.579" errors="0">
  <testcase name="jk" time="5.579" classname="Assigment.Flipkart"/>
  <system-out/>
</testsuite> <!-- Assigment.Flipkart -->
