<?xml version="1.0" encoding="UTF-8"?>
<!-- Generated by org.testng.reporters.JUnitReportReporter -->
<testsuite hostname="LAPTOP-KRM7DIQ6" name="SampleTest.ScreenShot" tests="1" failures="0" timestamp="17 May 2022 06:13:28 GMT" time="8.419" errors="0">
  <testcase name="ScreenShot1" time="8.419" classname="SampleTest.ScreenShot"/>
</testsuite> <!-- SampleTest.ScreenShot -->
