<?xml version="1.0" encoding="UTF-8"?>
<!-- Generated by org.testng.reporters.JUnitReportReporter -->
<testsuite hostname="LAPTOP-KRM7DIQ6" name="DataProvider.datapro" tests="3" failures="0" timestamp="15 May 2022 11:17:31 GMT" time="0.000" errors="0">
  <testcase name="setdata" time="0.000" classname="DataProvider.datapro"/>
  <testcase name="setdata" time="0.000" classname="DataProvider.datapro"/>
  <testcase name="setdata" time="0.000" classname="DataProvider.datapro"/>
</testsuite> <!-- DataProvider.datapro -->
