<?xml version="1.0" encoding="UTF-8"?>
<!-- Generated by org.testng.reporters.JUnitReportReporter -->
<testsuite hostname="LAPTOP-KRM7DIQ6" name="Paramerization.parameter1" tests="4" failures="0" timestamp="15 May 2022 10:49:50 GMT" time="10.193" errors="0">
  <testcase name="para1" time="0.000" classname="Paramerization.parameter1"/>
  <testcase name="para2" time="0.000" classname="Paramerization.parameter1"/>
  <testcase name="loginatactitime" time="10.193" classname="Paramerization.parameter1"/>
  <testcase name="para3" time="0.000" classname="Paramerization.parameter1"/>
</testsuite> <!-- Paramerization.parameter1 -->
