<?xml version="1.0" encoding="UTF-8"?>
<!-- Generated by org.testng.reporters.JUnitReportReporter -->
<testsuite hostname="LAPTOP-KRM7DIQ6" name="DataProvider.datapro2" tests="3" failures="0" timestamp="15 May 2022 11:36:46 GMT" time="26.971" errors="0">
  <testcase name="setdata" time="9.263" classname="DataProvider.datapro2"/>
  <testcase name="setdata" time="9.064" classname="DataProvider.datapro2"/>
  <testcase name="setdata" time="8.644" classname="DataProvider.datapro2"/>
</testsuite> <!-- DataProvider.datapro2 -->
