<?xml version="1.0" encoding="UTF-8"?>
<!-- Generated by org.testng.reporters.JUnitReportReporter -->
<testsuite hostname="LAPTOP-KRM7DIQ6" name="Grouping.group1" tests="3" failures="0" timestamp="15 May 2022 08:12:36 GMT" time="0.016" errors="0">
  <testcase name="testfour" time="0.016" classname="Grouping.group1"/>
  <testcase name="testsix" time="0.000" classname="Grouping.group1"/>
  <testcase name="testtwo" time="0.000" classname="Grouping.group1"/>
</testsuite> <!-- Grouping.group1 -->
