<?xml version="1.0" encoding="UTF-8"?>
<!-- Generated by org.testng.reporters.JUnitReportReporter -->
<testsuite hostname="LAPTOP-KRM7DIQ6" name="ParallelExecution.ParallelMethod" tests="2" failures="0" timestamp="15 May 2022 16:59:56 GMT" time="16.784" errors="0">
  <testcase name="testcase" time="12.681" classname="ParallelExecution.ParallelMethod"/>
  <testcase name="testcase1" time="4.103" classname="ParallelExecution.ParallelMethod"/>
</testsuite> <!-- ParallelExecution.ParallelMethod -->
