<?xml version="1.0" encoding="UTF-8"?>
<!-- Generated by org.testng.reporters.JUnitReportReporter -->
<testsuite hostname="LAPTOP-KRM7DIQ6" name="SampleTest.ScreenShot" tests="1" failures="0" timestamp="15 May 2022 07:42:28 GMT" time="8.756" errors="0">
  <testcase name="ScreenShot1" time="8.756" classname="SampleTest.ScreenShot"/>
</testsuite> <!-- SampleTest.ScreenShot -->
