<?xml version="1.0" encoding="UTF-8"?>
<!-- Generated by org.testng.reporters.JUnitReportReporter -->
<testsuite skipped="0" hostname="LAPTOP-KRM7DIQ6" name="Abstract.Test1" tests="1" failures="0" timestamp="2022-05-09T22:59:19 IST" time="0.005" errors="0">
  <testcase name="testcase" time="0.005" classname="Abstract.Test1"/>
  <system-out/>
</testsuite> <!-- Abstract.Test1 -->
